<?xml version="1.0" encoding="UTF-8"?><TestSessionContainer xmlns="http://www.codecover.org/xml/testsession-container" Date="1707317166483" TestSessionContainerId="8e540f15-a836-4d6f-bd1b-9df31d199702" version="1.0">
<SrcFileList>
<SrcFile Content="package pkgbowlingclub;&#13;&#10;&#13;&#10;public class BowlingClub {&#13;&#10;&#9;&#13;&#10;&#9;protected /*@spec_public@*/ int pista[]; &#13;&#10;&#9;//ho 4 piste occupabili da max 4 giocatori ciascuna&#13;&#10;&#9;&#13;&#10;&#9;private /*@spec_public@*/ int guadagnoCorrente; &#13;&#10;&#9;//guadagno corrente della serata&#9;&#9;&#13;&#10;&#9;&#13;&#10;&#9;private /*@spec_public@*/ int guadagnoSerata; &#13;&#10;&#9;//guadagno totale della serata&#9;&#9;&#13;&#10;&#9;&#13;&#10;&#9;private /*@spec_public@*/ int guadagnoSettimana[];&#13;&#10;&#9;private /*@spec_public@*/ int giornoSettimana;&#13;&#10;&#9;//riepilogo settimanale dei guadagni&#13;&#10;&#9;&#13;&#10;&#9;protected /*@spec_public@*/ boolean aperto;&#13;&#10;&#9;//indica se e' aperto il bowling club&#13;&#10;&#9;&#13;&#10;&#9;private /*@spec_public@*/ int numGiocatori;&#13;&#10;&#9;//numero totale di giocatori su tutte le piste&#13;&#10;&#9;&#13;&#10;&#9;private /*@spec_public@*/ int maxGiocatoriPista = 4;&#13;&#10;&#9;&#13;&#10;&#9;private /*@spec_public@*/ int maxGiocatoriTotale = 16;&#13;&#10;&#9;&#13;&#10;&#9;//INVARIANTI&#13;&#10;&#9;//@ public invariant pista.length == 4 &amp;&amp; pista != null;&#13;&#10;&#9;//@ public invariant guadagnoSerata &gt;= 0;&#13;&#10;&#9;//@ public invariant guadagnoCorrente &gt;= 0;&#13;&#10;&#9;//@ public invariant giornoSettimana &lt;= 7;&#13;&#10;&#9;//@ public invariant numGiocatori &gt;=0 &amp;&amp; numGiocatori &lt;= maxGiocatoriTotale;&#13;&#10;&#9;//@ public invariant (\forall int i; 0&lt;= i &amp;&amp; i &lt; pista.length; pista[i] &gt;= 0);&#13;&#10;&#9;//@ public invariant (\forall int i; 0&lt;= i &amp;&amp; i &lt; pista.length; pista[i] &lt;= maxGiocatoriPista);&#13;&#10;&#13;&#10;&#9;&#13;&#10;&#9;/*@ &#13;&#10;&#9;  @ ensures pista != null &amp;&amp; pista.length == 4;&#13;&#10;&#9;  @ ensures (\forall int i; 0&lt;= i &amp;&amp; i &lt; pista.length; pista[i] == 0);&#13;&#10;&#9;  @ ensures guadagnoSerata == 0;&#13;&#10;&#9;  @ ensures guadagnoCorrente == 0;&#13;&#10;&#9;  @ ensures numGiocatori == 0; &#13;&#10;&#9;  @ ensures aperto == true;&#13;&#10;&#9;  @*/&#13;&#10;&#9;public BowlingClub(){&#13;&#10;&#9;&#9;pista = new int[] {0,0,0,0};&#13;&#10;&#9;&#9;guadagnoSerata = 0;&#13;&#10;&#9;&#9;guadagnoCorrente = 0;&#13;&#10;&#9;&#9;guadagnoSettimana = new int[] {0,0,0,0,0,0,0};&#13;&#10;&#9;&#9;numGiocatori = 0;&#13;&#10;&#9;&#9;aperto = true;&#13;&#10;&#9;&#9;giornoSettimana = 0;&#13;&#10;&#9;&#9;}&#13;&#10;&#9;&#13;&#10;&#9;&#13;&#10;&#9;&#13;&#10;&#9;//@ ensures \result == (aperto ? guadagnoCorrente : guadagnoSerata);&#13;&#10;&#9;public int getGuadagnoGiornaliero() {&#13;&#10;&#9;&#9;if(aperto)&#13;&#10;&#9;&#9;&#9;return guadagnoCorrente;&#13;&#10;&#9;&#9;return guadagnoSerata;&#13;&#10;&#9;}&#13;&#10;&#9;&#13;&#10;&#9;//@ ensures \result &gt;= 0;&#13;&#10;&#9;public int getGuadagnoSettimana() {&#13;&#10;&#9;&#9;int tmp = 0;&#13;&#10;&#9;&#9;for(int i = 0; i&lt;7;i++)&#13;&#10;&#9;&#9;&#9;tmp += guadagnoSettimana[i];&#13;&#10;&#9;&#9;return tmp;&#13;&#10;&#9;}&#13;&#10;&#9;&#13;&#10;&#9;//@ ensures \old(aperto) ? (numGiocatori == 0 &amp;&amp; guadagnoSerata == \old(guadagnoCorrente) &amp;&amp; guadagnoCorrente == 0):true;&#13;&#10;&#9;public void chiudiBowlingClub() {&#13;&#10;&#9;&#9;if(aperto) {&#13;&#10;&#9;&#9;&#9;aperto = !aperto;&#13;&#10;&#9;&#9;&#9;int i = 0;&#13;&#10;&#9;&#9;&#9;while(i&lt;4) {&#13;&#10;&#9;&#9;&#9;&#9;pista[i] = 0;&#13;&#10;&#9;&#9;&#9;&#9;i++;&#13;&#10;&#9;&#9;&#9;}&#13;&#10;&#9;&#9;&#9;numGiocatori = 0;&#13;&#10;&#9;&#9;&#9;guadagnoSerata = guadagnoCorrente;&#13;&#10;&#9;&#9;&#9;guadagnoCorrente = 0;&#13;&#10;&#9;&#9;&#9;guadagnoSettimana[giornoSettimana] = guadagnoSerata;&#13;&#10;&#9;&#9;&#9;giornoSettimana = (giornoSettimana + 1 ) % 7;&#13;&#10;&#9;&#9;}&#13;&#10;&#9;}&#13;&#10;&#9;&#13;&#10;&#9;//@ ensures \old(!aperto) ? (aperto &amp;&amp; numGiocatori == 0 &amp;&amp; guadagnoSerata == 0 &amp;&amp; guadagnoCorrente == 0):true;&#13;&#10;&#9;public void apriBowlingClub() {&#13;&#10;&#9;&#9;if(!aperto) {&#13;&#10;&#9;&#9;pista = new int[] {0,0,0,0};&#13;&#10;&#9;&#9;guadagnoSerata = 0;&#13;&#10;&#9;&#9;guadagnoCorrente = 0;&#13;&#10;&#9;&#9;numGiocatori = 0;&#13;&#10;&#9;&#9;aperto = true;}&#13;&#10;&#9;}&#13;&#10;&#9;&#13;&#10;&#13;&#10;&#9;&#13;&#10;&#9;/*@ &#13;&#10;&#9;  @ requires aperto;&#13;&#10;&#9;  @ requires giocatori &lt;= 4 &amp;&amp; giocatori &gt;= 0;&#13;&#10;&#9;  @ ensures numGiocatori == \old(numGiocatori) + giocatori;&#13;&#10;&#9;  @ ensures guadagnoCorrente == \old(guadagnoCorrente) + 15*giocatori;&#13;&#10;&#9;  @*/&#13;&#10;&#9;public int occupaPista(int giocatori) {&#13;&#10;&#9;&#9;if(!aperto) {return -1;}&#13;&#10;&#9;&#9;if(giocatori&gt;maxGiocatoriPista||giocatori&lt;0) {return -1;}&#13;&#10;&#9;&#9;int pistaLibera = -1;&#13;&#10;&#9;&#9;&#13;&#10;&#9;&#9;/*@ loop_invariant&#13;&#10;&#9;&#9;  @  i &gt;= 0 &amp;&amp; i &lt;= 3; &#13;&#10;&#9;&#9;  @ */&#13;&#10;&#9;&#9;for(int i = 0; i &lt; 4;i++) {&#13;&#10;&#9;&#9;&#9;if(pista[i]==0) {&#13;&#10;&#9;&#9;&#9;&#9;pistaLibera = i;&#13;&#10;&#9;&#9;&#9;&#9;break;}&#13;&#10;&#9;&#9;}&#13;&#10;&#9;&#9;&#13;&#10;&#9;&#9;if(pistaLibera == -1) {return -1;}&#13;&#10;&#9;&#9;&#13;&#10;&#9;&#9;pista[pistaLibera] = giocatori;&#13;&#10;&#9;&#9;guadagnoCorrente += giocatori*15;&#13;&#10;&#9;&#9;&#13;&#10;&#9;&#9;numGiocatori += giocatori;&#13;&#10;&#9;&#9;&#13;&#10;&#9;&#9;return pistaLibera;&#13;&#10;&#9;}&#13;&#10;&#9;&#13;&#10;&#9;&#13;&#10;&#9;/*@ &#13;&#10;&#9;  @ requires aperto;&#13;&#10;&#9;  @ requires i &gt;= 0 &amp;&amp; i &lt;= 3;&#13;&#10;&#9;  @ ensures pista[i]==0;&#13;&#10;&#9;  @*/&#13;&#10;&#9;public void liberaPista(int i) {&#13;&#10;&#9;&#9;if(i&gt;=0&amp;&amp;i&lt;=3) {&#13;&#10;&#9;&#9;&#9;pista[i] = 0;&#13;&#10;&#9;&#9;}&#13;&#10;&#9;}&#13;&#10;&#9;&#13;&#10;&#9;public static void main(String[] args) {&#13;&#10;&#9;&#9;//BowlingClub bc = new BowlingClub();&#13;&#10;&#9;&#9;//bc.guadagnoCorrente = -30;&#13;&#10;&#9;&#9;//bc.occupaPista(50);&#13;&#10;&#9;&#9;//bc.liberaPista(20);&#13;&#10;&#9;}&#13;&#10;}&#13;&#10;&#13;&#10;&#13;&#10;&#13;&#10;&#13;&#10;" Filename="BowlingClub.java" Intrnl_Id="1"/>
</SrcFileList>
<CritList>
<CritListEntry Name="org.codecover.model.utils.criteria.ConditionCoverage" PluginName="org.codecover"/>
<CritListEntry Name="org.codecover.model.utils.criteria.BranchCoverage" PluginName="org.codecover"/>
<CritListEntry Name="org.codecover.model.utils.criteria.StatementCoverage" PluginName="org.codecover"/>
</CritList>
<BoolOpList>
<BoolOp Arity="2" Intrnl_Id="2" Name="conditional and (&amp;&amp;)">
<BoolAssgnmntBoolMapList>
<MapEntry BoolAssgnmnt="02" Value="false"/>
<MapEntry BoolAssgnmnt="10" Value="false"/>
<MapEntry BoolAssgnmnt="11" Value="true"/>
</BoolAssgnmntBoolMapList>
</BoolOp>
<BoolOp Arity="2" Intrnl_Id="3" Name="conditional or (||)">
<BoolAssgnmntBoolMapList>
<MapEntry BoolAssgnmnt="00" Value="false"/>
<MapEntry BoolAssgnmnt="01" Value="true"/>
<MapEntry BoolAssgnmnt="12" Value="true"/>
</BoolAssgnmntBoolMapList>
</BoolOp>
<BoolOp Arity="1" Intrnl_Id="4" Name="not (!)">
<BoolAssgnmntBoolMapList>
<MapEntry BoolAssgnmnt="1" Value="false"/>
<MapEntry BoolAssgnmnt="0" Value="true"/>
</BoolAssgnmntBoolMapList>
</BoolOp>
</BoolOpList>
<HierarchyLvlTypeList>
<HierarchyLvlType EnglishName="package" IntrnlName="package" Intrnl_Id="5"/>
<HierarchyLvlType EnglishName="method" IntrnlName="method" Intrnl_Id="6"/>
<HierarchyLvlType EnglishName="class" IntrnlName="class" Intrnl_Id="7"/>
<HierarchyLvlType EnglishName="default package" IntrnlName="default package" Intrnl_Id="8"/>
</HierarchyLvlTypeList>
<MASTRoot>
<HierarchyLvl HierarchyLvlId="77" HierarchyLvlTypeId="8" Intrnl_Id="9" Name="default package">
<Header/>
<LocList/>
<HierarchyLvl HierarchyLvlId="76" HierarchyLvlTypeId="5" Intrnl_Id="10" Name="pkgbowlingclub">
<Header/>
<LocList/>
<HierarchyLvl HierarchyLvlId="75" HierarchyLvlTypeId="7" Intrnl_Id="11" Name="BowlingClub">
<Header>
<Loc EndOffset="51" SrcFileId="1" StartOffset="27"/>
</Header>
<LocList>
<Loc EndOffset="3960" SrcFileId="1" StartOffset="27"/>
</LocList>
<StmntSeq Intrnl_Id="12">
<LocList>
<Loc EndOffset="721" SrcFileId="1" StartOffset="669"/>
<Loc EndOffset="781" SrcFileId="1" StartOffset="727"/>
</LocList>
<BasicStmnt CovItemId="S1" CovItemPrefix="pkgbowlingclub.BowlingClub.java" Intrnl_Id="13">
<LocList>
<Loc EndOffset="721" SrcFileId="1" StartOffset="669"/>
</LocList>
</BasicStmnt>
<BasicStmnt CovItemId="S2" CovItemPrefix="pkgbowlingclub.BowlingClub.java" Intrnl_Id="14">
<LocList>
<Loc EndOffset="781" SrcFileId="1" StartOffset="727"/>
</LocList>
</BasicStmnt>
</StmntSeq>
<HierarchyLvl HierarchyLvlId="67" HierarchyLvlTypeId="6" Intrnl_Id="15" Name="BowlingClub">
<Header>
<Loc EndOffset="1554" SrcFileId="1" StartOffset="1534"/>
</Header>
<LocList>
<Loc EndOffset="1753" SrcFileId="1" StartOffset="1534"/>
</LocList>
<StmntSeq Intrnl_Id="16">
<LocList>
<Loc EndOffset="1587" SrcFileId="1" StartOffset="1559"/>
<Loc EndOffset="1610" SrcFileId="1" StartOffset="1591"/>
<Loc EndOffset="1635" SrcFileId="1" StartOffset="1614"/>
<Loc EndOffset="1685" SrcFileId="1" StartOffset="1639"/>
<Loc EndOffset="1706" SrcFileId="1" StartOffset="1689"/>
<Loc EndOffset="1724" SrcFileId="1" StartOffset="1710"/>
<Loc EndOffset="1748" SrcFileId="1" StartOffset="1728"/>
</LocList>
<BasicStmnt CovItemId="S3" CovItemPrefix="pkgbowlingclub.BowlingClub.java" Intrnl_Id="17">
<LocList>
<Loc EndOffset="1587" SrcFileId="1" StartOffset="1559"/>
</LocList>
</BasicStmnt>
<BasicStmnt CovItemId="S4" CovItemPrefix="pkgbowlingclub.BowlingClub.java" Intrnl_Id="18">
<LocList>
<Loc EndOffset="1610" SrcFileId="1" StartOffset="1591"/>
</LocList>
</BasicStmnt>
<BasicStmnt CovItemId="S5" CovItemPrefix="pkgbowlingclub.BowlingClub.java" Intrnl_Id="19">
<LocList>
<Loc EndOffset="1635" SrcFileId="1" StartOffset="1614"/>
</LocList>
</BasicStmnt>
<BasicStmnt CovItemId="S6" CovItemPrefix="pkgbowlingclub.BowlingClub.java" Intrnl_Id="20">
<LocList>
<Loc EndOffset="1685" SrcFileId="1" StartOffset="1639"/>
</LocList>
</BasicStmnt>
<BasicStmnt CovItemId="S7" CovItemPrefix="pkgbowlingclub.BowlingClub.java" Intrnl_Id="21">
<LocList>
<Loc EndOffset="1706" SrcFileId="1" StartOffset="1689"/>
</LocList>
</BasicStmnt>
<BasicStmnt CovItemId="S8" CovItemPrefix="pkgbowlingclub.BowlingClub.java" Intrnl_Id="22">
<LocList>
<Loc EndOffset="1724" SrcFileId="1" StartOffset="1710"/>
</LocList>
</BasicStmnt>
<BasicStmnt CovItemId="S9" CovItemPrefix="pkgbowlingclub.BowlingClub.java" Intrnl_Id="23">
<LocList>
<Loc EndOffset="1748" SrcFileId="1" StartOffset="1728"/>
</LocList>
</BasicStmnt>
</StmntSeq>
</HierarchyLvl>
<HierarchyLvl HierarchyLvlId="68" HierarchyLvlTypeId="6" Intrnl_Id="24" Name="getGuadagnoGiornaliero">
<Header>
<Loc EndOffset="1871" SrcFileId="1" StartOffset="1836"/>
</Header>
<LocList>
<Loc EndOffset="1946" SrcFileId="1" StartOffset="1836"/>
</LocList>
<StmntSeq Intrnl_Id="25">
<LocList>
<Loc EndOffset="1916" SrcFileId="1" StartOffset="1877"/>
<Loc EndOffset="1942" SrcFileId="1" StartOffset="1920"/>
</LocList>
<CondStmnt CovItemId="S10" CovItemPrefix="pkgbowlingclub.BowlingClub.java" Intrnl_Id="26">
<Branch CovItemId="B1" CovItemPrefix="pkgbowlingclub.BowlingClub.java" Implct="false" Intrnl_Id="27">
<Cond/>
<LocList>
<Loc EndOffset="1916" SrcFileId="1" StartOffset="1892"/>
</LocList>
<StmntSeq Intrnl_Id="28">
<LocList>
<Loc EndOffset="1916" SrcFileId="1" StartOffset="1892"/>
</LocList>
<BasicStmnt CovItemId="S11" CovItemPrefix="pkgbowlingclub.BowlingClub.java" Intrnl_Id="29">
<LocList>
<Loc EndOffset="1916" SrcFileId="1" StartOffset="1892"/>
</LocList>
</BasicStmnt>
</StmntSeq>
</Branch>
<Branch CovItemId="B2" CovItemPrefix="pkgbowlingclub.BowlingClub.java" Implct="true" Intrnl_Id="30">
<Cond/>
<LocList/>
<StmntSeq Intrnl_Id="31">
<LocList/>
</StmntSeq>
</Branch>
<Keyword EndOffset="1879" SrcFileId="1" StartOffset="1877"/>
<LocList>
<Loc EndOffset="1916" SrcFileId="1" StartOffset="1877"/>
</LocList>
<RootTerm CovItemId="C1" CovItemPrefix="pkgbowlingclub.BowlingClub.java" Intrnl_Id="32">
<BasicBoolTerm Intrnl_Id="33">
<LocList>
<Loc EndOffset="1886" SrcFileId="1" StartOffset="1880"/>
</LocList>
</BasicBoolTerm>
</RootTerm>
</CondStmnt>
<BasicStmnt CovItemId="S12" CovItemPrefix="pkgbowlingclub.BowlingClub.java" Intrnl_Id="34">
<LocList>
<Loc EndOffset="1942" SrcFileId="1" StartOffset="1920"/>
</LocList>
</BasicStmnt>
</StmntSeq>
</HierarchyLvl>
<HierarchyLvl HierarchyLvlId="69" HierarchyLvlTypeId="6" Intrnl_Id="35" Name="getGuadagnoSettimana">
<Header>
<Loc EndOffset="2013" SrcFileId="1" StartOffset="1980"/>
</Header>
<LocList>
<Loc EndOffset="2110" SrcFileId="1" StartOffset="1980"/>
</LocList>
<StmntSeq Intrnl_Id="36">
<LocList>
<Loc EndOffset="2031" SrcFileId="1" StartOffset="2019"/>
<Loc EndOffset="2091" SrcFileId="1" StartOffset="2035"/>
<Loc EndOffset="2106" SrcFileId="1" StartOffset="2095"/>
</LocList>
<BasicStmnt CovItemId="S13" CovItemPrefix="pkgbowlingclub.BowlingClub.java" Intrnl_Id="37">
<LocList>
<Loc EndOffset="2031" SrcFileId="1" StartOffset="2019"/>
</LocList>
</BasicStmnt>
<LoopStmnt CovItemId="S14" CovItemPrefix="pkgbowlingclub.BowlingClub.java" Intrnl_Id="38" MltplExecId="L1-2" MltplExecPrefix="pkgbowlingclub.BowlingClub.java" NvrExecId="L1-0" NvrExecPrefix="pkgbowlingclub.BowlingClub.java" OnceExecutedId="L1-1" OnceExecutedPrefix="pkgbowlingclub.BowlingClub.java" OptBodyExec="true">
<StmntSeq Intrnl_Id="39">
<LocList>
<Loc EndOffset="2091" SrcFileId="1" StartOffset="2063"/>
</LocList>
<BasicStmnt CovItemId="S15" CovItemPrefix="pkgbowlingclub.BowlingClub.java" Intrnl_Id="40">
<LocList>
<Loc EndOffset="2091" SrcFileId="1" StartOffset="2063"/>
</LocList>
</BasicStmnt>
</StmntSeq>
<Keyword EndOffset="2038" SrcFileId="1" StartOffset="2035"/>
<LocList>
<Loc EndOffset="2091" SrcFileId="1" StartOffset="2035"/>
</LocList>
<RootTerm CovItemId="C2" CovItemPrefix="pkgbowlingclub.BowlingClub.java" Intrnl_Id="41">
<BasicBoolTerm Intrnl_Id="42">
<LocList>
<Loc EndOffset="2053" SrcFileId="1" StartOffset="2050"/>
</LocList>
</BasicBoolTerm>
</RootTerm>
</LoopStmnt>
<BasicStmnt CovItemId="S16" CovItemPrefix="pkgbowlingclub.BowlingClub.java" Intrnl_Id="43">
<LocList>
<Loc EndOffset="2106" SrcFileId="1" StartOffset="2095"/>
</LocList>
</BasicStmnt>
</StmntSeq>
</HierarchyLvl>
<HierarchyLvl HierarchyLvlId="70" HierarchyLvlTypeId="6" Intrnl_Id="44" Name="chiudiBowlingClub">
<Header>
<Loc EndOffset="2271" SrcFileId="1" StartOffset="2240"/>
</Header>
<LocList>
<Loc EndOffset="2581" SrcFileId="1" StartOffset="2240"/>
</LocList>
<StmntSeq Intrnl_Id="45">
<LocList>
<Loc EndOffset="2577" SrcFileId="1" StartOffset="2277"/>
</LocList>
<CondStmnt CovItemId="S17" CovItemPrefix="pkgbowlingclub.BowlingClub.java" Intrnl_Id="46">
<Branch CovItemId="B3" CovItemPrefix="pkgbowlingclub.BowlingClub.java" Implct="false" Intrnl_Id="47">
<Cond/>
<LocList>
<Loc EndOffset="2577" SrcFileId="1" StartOffset="2288"/>
</LocList>
<StmntSeq Intrnl_Id="48">
<LocList>
<Loc EndOffset="2311" SrcFileId="1" StartOffset="2294"/>
<Loc EndOffset="2326" SrcFileId="1" StartOffset="2316"/>
<Loc EndOffset="2378" SrcFileId="1" StartOffset="2331"/>
<Loc EndOffset="2400" SrcFileId="1" StartOffset="2383"/>
<Loc EndOffset="2439" SrcFileId="1" StartOffset="2405"/>
<Loc EndOffset="2465" SrcFileId="1" StartOffset="2444"/>
<Loc EndOffset="2522" SrcFileId="1" StartOffset="2470"/>
<Loc EndOffset="2572" SrcFileId="1" StartOffset="2527"/>
</LocList>
<BasicStmnt CovItemId="S18" CovItemPrefix="pkgbowlingclub.BowlingClub.java" Intrnl_Id="49">
<LocList>
<Loc EndOffset="2311" SrcFileId="1" StartOffset="2294"/>
</LocList>
</BasicStmnt>
<BasicStmnt CovItemId="S19" CovItemPrefix="pkgbowlingclub.BowlingClub.java" Intrnl_Id="50">
<LocList>
<Loc EndOffset="2326" SrcFileId="1" StartOffset="2316"/>
</LocList>
</BasicStmnt>
<LoopStmnt CovItemId="S20" CovItemPrefix="pkgbowlingclub.BowlingClub.java" Intrnl_Id="51" MltplExecId="L2-2" MltplExecPrefix="pkgbowlingclub.BowlingClub.java" NvrExecId="L2-0" NvrExecPrefix="pkgbowlingclub.BowlingClub.java" OnceExecutedId="L2-1" OnceExecutedPrefix="pkgbowlingclub.BowlingClub.java" OptBodyExec="true">
<StmntSeq Intrnl_Id="52">
<LocList>
<Loc EndOffset="2362" SrcFileId="1" StartOffset="2349"/>
<Loc EndOffset="2372" SrcFileId="1" StartOffset="2368"/>
</LocList>
<BasicStmnt CovItemId="S21" CovItemPrefix="pkgbowlingclub.BowlingClub.java" Intrnl_Id="53">
<LocList>
<Loc EndOffset="2362" SrcFileId="1" StartOffset="2349"/>
</LocList>
</BasicStmnt>
<BasicStmnt CovItemId="S22" CovItemPrefix="pkgbowlingclub.BowlingClub.java" Intrnl_Id="54">
<LocList>
<Loc EndOffset="2372" SrcFileId="1" StartOffset="2368"/>
</LocList>
</BasicStmnt>
</StmntSeq>
<Keyword EndOffset="2336" SrcFileId="1" StartOffset="2331"/>
<LocList>
<Loc EndOffset="2378" SrcFileId="1" StartOffset="2331"/>
</LocList>
<RootTerm CovItemId="C4" CovItemPrefix="pkgbowlingclub.BowlingClub.java" Intrnl_Id="55">
<BasicBoolTerm Intrnl_Id="56">
<LocList>
<Loc EndOffset="2340" SrcFileId="1" StartOffset="2337"/>
</LocList>
</BasicBoolTerm>
</RootTerm>
</LoopStmnt>
<BasicStmnt CovItemId="S23" CovItemPrefix="pkgbowlingclub.BowlingClub.java" Intrnl_Id="57">
<LocList>
<Loc EndOffset="2400" SrcFileId="1" StartOffset="2383"/>
</LocList>
</BasicStmnt>
<BasicStmnt CovItemId="S24" CovItemPrefix="pkgbowlingclub.BowlingClub.java" Intrnl_Id="58">
<LocList>
<Loc EndOffset="2439" SrcFileId="1" StartOffset="2405"/>
</LocList>
</BasicStmnt>
<BasicStmnt CovItemId="S25" CovItemPrefix="pkgbowlingclub.BowlingClub.java" Intrnl_Id="59">
<LocList>
<Loc EndOffset="2465" SrcFileId="1" StartOffset="2444"/>
</LocList>
</BasicStmnt>
<BasicStmnt CovItemId="S26" CovItemPrefix="pkgbowlingclub.BowlingClub.java" Intrnl_Id="60">
<LocList>
<Loc EndOffset="2522" SrcFileId="1" StartOffset="2470"/>
</LocList>
</BasicStmnt>
<BasicStmnt CovItemId="S27" CovItemPrefix="pkgbowlingclub.BowlingClub.java" Intrnl_Id="61">
<LocList>
<Loc EndOffset="2572" SrcFileId="1" StartOffset="2527"/>
</LocList>
</BasicStmnt>
</StmntSeq>
</Branch>
<Branch CovItemId="B4" CovItemPrefix="pkgbowlingclub.BowlingClub.java" Implct="true" Intrnl_Id="62">
<Cond/>
<LocList/>
<StmntSeq Intrnl_Id="63">
<LocList/>
</StmntSeq>
</Branch>
<Keyword EndOffset="2279" SrcFileId="1" StartOffset="2277"/>
<LocList>
<Loc EndOffset="2577" SrcFileId="1" StartOffset="2277"/>
</LocList>
<RootTerm CovItemId="C3" CovItemPrefix="pkgbowlingclub.BowlingClub.java" Intrnl_Id="64">
<BasicBoolTerm Intrnl_Id="65">
<LocList>
<Loc EndOffset="2286" SrcFileId="1" StartOffset="2280"/>
</LocList>
</BasicBoolTerm>
</RootTerm>
</CondStmnt>
</StmntSeq>
</HierarchyLvl>
<HierarchyLvl HierarchyLvlId="71" HierarchyLvlTypeId="6" Intrnl_Id="66" Name="apriBowlingClub">
<Header>
<Loc EndOffset="2730" SrcFileId="1" StartOffset="2701"/>
</Header>
<LocList>
<Loc EndOffset="2873" SrcFileId="1" StartOffset="2701"/>
</LocList>
<StmntSeq Intrnl_Id="67">
<LocList>
<Loc EndOffset="2869" SrcFileId="1" StartOffset="2736"/>
</LocList>
<CondStmnt CovItemId="S28" CovItemPrefix="pkgbowlingclub.BowlingClub.java" Intrnl_Id="68">
<Branch CovItemId="B5" CovItemPrefix="pkgbowlingclub.BowlingClub.java" Implct="false" Intrnl_Id="69">
<Cond/>
<LocList>
<Loc EndOffset="2869" SrcFileId="1" StartOffset="2748"/>
</LocList>
<StmntSeq Intrnl_Id="70">
<LocList>
<Loc EndOffset="2781" SrcFileId="1" StartOffset="2753"/>
<Loc EndOffset="2804" SrcFileId="1" StartOffset="2785"/>
<Loc EndOffset="2829" SrcFileId="1" StartOffset="2808"/>
<Loc EndOffset="2850" SrcFileId="1" StartOffset="2833"/>
<Loc EndOffset="2868" SrcFileId="1" StartOffset="2854"/>
</LocList>
<BasicStmnt CovItemId="S29" CovItemPrefix="pkgbowlingclub.BowlingClub.java" Intrnl_Id="71">
<LocList>
<Loc EndOffset="2781" SrcFileId="1" StartOffset="2753"/>
</LocList>
</BasicStmnt>
<BasicStmnt CovItemId="S30" CovItemPrefix="pkgbowlingclub.BowlingClub.java" Intrnl_Id="72">
<LocList>
<Loc EndOffset="2804" SrcFileId="1" StartOffset="2785"/>
</LocList>
</BasicStmnt>
<BasicStmnt CovItemId="S31" CovItemPrefix="pkgbowlingclub.BowlingClub.java" Intrnl_Id="73">
<LocList>
<Loc EndOffset="2829" SrcFileId="1" StartOffset="2808"/>
</LocList>
</BasicStmnt>
<BasicStmnt CovItemId="S32" CovItemPrefix="pkgbowlingclub.BowlingClub.java" Intrnl_Id="74">
<LocList>
<Loc EndOffset="2850" SrcFileId="1" StartOffset="2833"/>
</LocList>
</BasicStmnt>
<BasicStmnt CovItemId="S33" CovItemPrefix="pkgbowlingclub.BowlingClub.java" Intrnl_Id="75">
<LocList>
<Loc EndOffset="2868" SrcFileId="1" StartOffset="2854"/>
</LocList>
</BasicStmnt>
</StmntSeq>
</Branch>
<Branch CovItemId="B6" CovItemPrefix="pkgbowlingclub.BowlingClub.java" Implct="true" Intrnl_Id="76">
<Cond/>
<LocList/>
<StmntSeq Intrnl_Id="77">
<LocList/>
</StmntSeq>
</Branch>
<Keyword EndOffset="2738" SrcFileId="1" StartOffset="2736"/>
<LocList>
<Loc EndOffset="2869" SrcFileId="1" StartOffset="2736"/>
</LocList>
<RootTerm CovItemId="C5" CovItemPrefix="pkgbowlingclub.BowlingClub.java" Intrnl_Id="78">
<OpTerm BooleanOpId="4" Intrnl_Id="79">
<BasicBoolTerm Intrnl_Id="80">
<LocList>
<Loc EndOffset="2746" SrcFileId="1" StartOffset="2740"/>
</LocList>
</BasicBoolTerm>
<LocList>
<Loc EndOffset="2740" SrcFileId="1" StartOffset="2739"/>
</LocList>
</OpTerm>
</RootTerm>
</CondStmnt>
</StmntSeq>
</HierarchyLvl>
<HierarchyLvl HierarchyLvlId="72" HierarchyLvlTypeId="6" Intrnl_Id="81" Name="occupaPista">
<Header>
<Loc EndOffset="3143" SrcFileId="1" StartOffset="3106"/>
</Header>
<LocList>
<Loc EndOffset="3598" SrcFileId="1" StartOffset="3106"/>
</LocList>
<StmntSeq Intrnl_Id="82">
<LocList>
<Loc EndOffset="3173" SrcFileId="1" StartOffset="3149"/>
<Loc EndOffset="3234" SrcFileId="1" StartOffset="3177"/>
<Loc EndOffset="3259" SrcFileId="1" StartOffset="3238"/>
<Loc EndOffset="3415" SrcFileId="1" StartOffset="3326"/>
<Loc EndOffset="3457" SrcFileId="1" StartOffset="3423"/>
<Loc EndOffset="3496" SrcFileId="1" StartOffset="3465"/>
<Loc EndOffset="3533" SrcFileId="1" StartOffset="3500"/>
<Loc EndOffset="3567" SrcFileId="1" StartOffset="3541"/>
<Loc EndOffset="3594" SrcFileId="1" StartOffset="3575"/>
</LocList>
<CondStmnt CovItemId="S34" CovItemPrefix="pkgbowlingclub.BowlingClub.java" Intrnl_Id="83">
<Branch CovItemId="B7" CovItemPrefix="pkgbowlingclub.BowlingClub.java" Implct="false" Intrnl_Id="84">
<Cond/>
<LocList>
<Loc EndOffset="3173" SrcFileId="1" StartOffset="3161"/>
</LocList>
<StmntSeq Intrnl_Id="85">
<LocList>
<Loc EndOffset="3172" SrcFileId="1" StartOffset="3162"/>
</LocList>
<BasicStmnt CovItemId="S35" CovItemPrefix="pkgbowlingclub.BowlingClub.java" Intrnl_Id="86">
<LocList>
<Loc EndOffset="3172" SrcFileId="1" StartOffset="3162"/>
</LocList>
</BasicStmnt>
</StmntSeq>
</Branch>
<Branch CovItemId="B8" CovItemPrefix="pkgbowlingclub.BowlingClub.java" Implct="true" Intrnl_Id="87">
<Cond/>
<LocList/>
<StmntSeq Intrnl_Id="88">
<LocList/>
</StmntSeq>
</Branch>
<Keyword EndOffset="3151" SrcFileId="1" StartOffset="3149"/>
<LocList>
<Loc EndOffset="3173" SrcFileId="1" StartOffset="3149"/>
</LocList>
<RootTerm CovItemId="C6" CovItemPrefix="pkgbowlingclub.BowlingClub.java" Intrnl_Id="89">
<OpTerm BooleanOpId="4" Intrnl_Id="90">
<BasicBoolTerm Intrnl_Id="91">
<LocList>
<Loc EndOffset="3159" SrcFileId="1" StartOffset="3153"/>
</LocList>
</BasicBoolTerm>
<LocList>
<Loc EndOffset="3153" SrcFileId="1" StartOffset="3152"/>
</LocList>
</OpTerm>
</RootTerm>
</CondStmnt>
<CondStmnt CovItemId="S36" CovItemPrefix="pkgbowlingclub.BowlingClub.java" Intrnl_Id="92">
<Branch CovItemId="B9" CovItemPrefix="pkgbowlingclub.BowlingClub.java" Implct="false" Intrnl_Id="93">
<Cond/>
<LocList>
<Loc EndOffset="3234" SrcFileId="1" StartOffset="3222"/>
</LocList>
<StmntSeq Intrnl_Id="94">
<LocList>
<Loc EndOffset="3233" SrcFileId="1" StartOffset="3223"/>
</LocList>
<BasicStmnt CovItemId="S37" CovItemPrefix="pkgbowlingclub.BowlingClub.java" Intrnl_Id="95">
<LocList>
<Loc EndOffset="3233" SrcFileId="1" StartOffset="3223"/>
</LocList>
</BasicStmnt>
</StmntSeq>
</Branch>
<Branch CovItemId="B10" CovItemPrefix="pkgbowlingclub.BowlingClub.java" Implct="true" Intrnl_Id="96">
<Cond/>
<LocList/>
<StmntSeq Intrnl_Id="97">
<LocList/>
</StmntSeq>
</Branch>
<Keyword EndOffset="3179" SrcFileId="1" StartOffset="3177"/>
<LocList>
<Loc EndOffset="3234" SrcFileId="1" StartOffset="3177"/>
</LocList>
<RootTerm CovItemId="C7" CovItemPrefix="pkgbowlingclub.BowlingClub.java" Intrnl_Id="98">
<OpTerm BooleanOpId="3" Intrnl_Id="99">
<BasicBoolTerm Intrnl_Id="100">
<LocList>
<Loc EndOffset="3207" SrcFileId="1" StartOffset="3180"/>
</LocList>
</BasicBoolTerm>
<BasicBoolTerm Intrnl_Id="101">
<LocList>
<Loc EndOffset="3220" SrcFileId="1" StartOffset="3209"/>
</LocList>
</BasicBoolTerm>
<LocList>
<Loc EndOffset="3209" SrcFileId="1" StartOffset="3207"/>
</LocList>
</OpTerm>
</RootTerm>
</CondStmnt>
<BasicStmnt CovItemId="S38" CovItemPrefix="pkgbowlingclub.BowlingClub.java" Intrnl_Id="102">
<LocList>
<Loc EndOffset="3259" SrcFileId="1" StartOffset="3238"/>
</LocList>
</BasicStmnt>
<LoopStmnt CovItemId="S39" CovItemPrefix="pkgbowlingclub.BowlingClub.java" Intrnl_Id="103" MltplExecId="L3-2" MltplExecPrefix="pkgbowlingclub.BowlingClub.java" NvrExecId="L3-0" NvrExecPrefix="pkgbowlingclub.BowlingClub.java" OnceExecutedId="L3-1" OnceExecutedPrefix="pkgbowlingclub.BowlingClub.java" OptBodyExec="true">
<StmntSeq Intrnl_Id="104">
<LocList>
<Loc EndOffset="3410" SrcFileId="1" StartOffset="3358"/>
</LocList>
<CondStmnt CovItemId="S40" CovItemPrefix="pkgbowlingclub.BowlingClub.java" Intrnl_Id="105">
<Branch CovItemId="B11" CovItemPrefix="pkgbowlingclub.BowlingClub.java" Implct="false" Intrnl_Id="106">
<Cond/>
<LocList>
<Loc EndOffset="3410" SrcFileId="1" StartOffset="3374"/>
</LocList>
<StmntSeq Intrnl_Id="107">
<LocList>
<Loc EndOffset="3397" SrcFileId="1" StartOffset="3381"/>
<Loc EndOffset="3409" SrcFileId="1" StartOffset="3403"/>
</LocList>
<BasicStmnt CovItemId="S41" CovItemPrefix="pkgbowlingclub.BowlingClub.java" Intrnl_Id="108">
<LocList>
<Loc EndOffset="3397" SrcFileId="1" StartOffset="3381"/>
</LocList>
</BasicStmnt>
<BasicStmnt CovItemId="S42" CovItemPrefix="pkgbowlingclub.BowlingClub.java" Intrnl_Id="109">
<LocList>
<Loc EndOffset="3409" SrcFileId="1" StartOffset="3403"/>
</LocList>
</BasicStmnt>
</StmntSeq>
</Branch>
<Branch CovItemId="B12" CovItemPrefix="pkgbowlingclub.BowlingClub.java" Implct="true" Intrnl_Id="110">
<Cond/>
<LocList/>
<StmntSeq Intrnl_Id="111">
<LocList/>
</StmntSeq>
</Branch>
<Keyword EndOffset="3360" SrcFileId="1" StartOffset="3358"/>
<LocList>
<Loc EndOffset="3410" SrcFileId="1" StartOffset="3358"/>
</LocList>
<RootTerm CovItemId="C9" CovItemPrefix="pkgbowlingclub.BowlingClub.java" Intrnl_Id="112">
<BasicBoolTerm Intrnl_Id="113">
<LocList>
<Loc EndOffset="3372" SrcFileId="1" StartOffset="3361"/>
</LocList>
</BasicBoolTerm>
</RootTerm>
</CondStmnt>
</StmntSeq>
<Keyword EndOffset="3329" SrcFileId="1" StartOffset="3326"/>
<LocList>
<Loc EndOffset="3415" SrcFileId="1" StartOffset="3326"/>
</LocList>
<RootTerm CovItemId="C8" CovItemPrefix="pkgbowlingclub.BowlingClub.java" Intrnl_Id="114">
<BasicBoolTerm Intrnl_Id="115">
<LocList>
<Loc EndOffset="3346" SrcFileId="1" StartOffset="3341"/>
</LocList>
</BasicBoolTerm>
</RootTerm>
</LoopStmnt>
<CondStmnt CovItemId="S43" CovItemPrefix="pkgbowlingclub.BowlingClub.java" Intrnl_Id="116">
<Branch CovItemId="B13" CovItemPrefix="pkgbowlingclub.BowlingClub.java" Implct="false" Intrnl_Id="117">
<Cond/>
<LocList>
<Loc EndOffset="3457" SrcFileId="1" StartOffset="3445"/>
</LocList>
<StmntSeq Intrnl_Id="118">
<LocList>
<Loc EndOffset="3456" SrcFileId="1" StartOffset="3446"/>
</LocList>
<BasicStmnt CovItemId="S44" CovItemPrefix="pkgbowlingclub.BowlingClub.java" Intrnl_Id="119">
<LocList>
<Loc EndOffset="3456" SrcFileId="1" StartOffset="3446"/>
</LocList>
</BasicStmnt>
</StmntSeq>
</Branch>
<Branch CovItemId="B14" CovItemPrefix="pkgbowlingclub.BowlingClub.java" Implct="true" Intrnl_Id="120">
<Cond/>
<LocList/>
<StmntSeq Intrnl_Id="121">
<LocList/>
</StmntSeq>
</Branch>
<Keyword EndOffset="3425" SrcFileId="1" StartOffset="3423"/>
<LocList>
<Loc EndOffset="3457" SrcFileId="1" StartOffset="3423"/>
</LocList>
<RootTerm CovItemId="C10" CovItemPrefix="pkgbowlingclub.BowlingClub.java" Intrnl_Id="122">
<BasicBoolTerm Intrnl_Id="123">
<LocList>
<Loc EndOffset="3443" SrcFileId="1" StartOffset="3426"/>
</LocList>
</BasicBoolTerm>
</RootTerm>
</CondStmnt>
<BasicStmnt CovItemId="S45" CovItemPrefix="pkgbowlingclub.BowlingClub.java" Intrnl_Id="124">
<LocList>
<Loc EndOffset="3496" SrcFileId="1" StartOffset="3465"/>
</LocList>
</BasicStmnt>
<BasicStmnt CovItemId="S46" CovItemPrefix="pkgbowlingclub.BowlingClub.java" Intrnl_Id="125">
<LocList>
<Loc EndOffset="3533" SrcFileId="1" StartOffset="3500"/>
</LocList>
</BasicStmnt>
<BasicStmnt CovItemId="S47" CovItemPrefix="pkgbowlingclub.BowlingClub.java" Intrnl_Id="126">
<LocList>
<Loc EndOffset="3567" SrcFileId="1" StartOffset="3541"/>
</LocList>
</BasicStmnt>
<BasicStmnt CovItemId="S48" CovItemPrefix="pkgbowlingclub.BowlingClub.java" Intrnl_Id="127">
<LocList>
<Loc EndOffset="3594" SrcFileId="1" StartOffset="3575"/>
</LocList>
</BasicStmnt>
</StmntSeq>
</HierarchyLvl>
<HierarchyLvl HierarchyLvlId="73" HierarchyLvlTypeId="6" Intrnl_Id="128" Name="liberaPista">
<Header>
<Loc EndOffset="3735" SrcFileId="1" StartOffset="3705"/>
</Header>
<LocList>
<Loc EndOffset="3784" SrcFileId="1" StartOffset="3705"/>
</LocList>
<StmntSeq Intrnl_Id="129">
<LocList>
<Loc EndOffset="3780" SrcFileId="1" StartOffset="3741"/>
</LocList>
<CondStmnt CovItemId="S49" CovItemPrefix="pkgbowlingclub.BowlingClub.java" Intrnl_Id="130">
<Branch CovItemId="B15" CovItemPrefix="pkgbowlingclub.BowlingClub.java" Implct="false" Intrnl_Id="131">
<Cond/>
<LocList>
<Loc EndOffset="3780" SrcFileId="1" StartOffset="3756"/>
</LocList>
<StmntSeq Intrnl_Id="132">
<LocList>
<Loc EndOffset="3775" SrcFileId="1" StartOffset="3762"/>
</LocList>
<BasicStmnt CovItemId="S50" CovItemPrefix="pkgbowlingclub.BowlingClub.java" Intrnl_Id="133">
<LocList>
<Loc EndOffset="3775" SrcFileId="1" StartOffset="3762"/>
</LocList>
</BasicStmnt>
</StmntSeq>
</Branch>
<Branch CovItemId="B16" CovItemPrefix="pkgbowlingclub.BowlingClub.java" Implct="true" Intrnl_Id="134">
<Cond/>
<LocList/>
<StmntSeq Intrnl_Id="135">
<LocList/>
</StmntSeq>
</Branch>
<Keyword EndOffset="3743" SrcFileId="1" StartOffset="3741"/>
<LocList>
<Loc EndOffset="3780" SrcFileId="1" StartOffset="3741"/>
</LocList>
<RootTerm CovItemId="C11" CovItemPrefix="pkgbowlingclub.BowlingClub.java" Intrnl_Id="136">
<OpTerm BooleanOpId="2" Intrnl_Id="137">
<BasicBoolTerm Intrnl_Id="138">
<LocList>
<Loc EndOffset="3748" SrcFileId="1" StartOffset="3744"/>
</LocList>
</BasicBoolTerm>
<BasicBoolTerm Intrnl_Id="139">
<LocList>
<Loc EndOffset="3754" SrcFileId="1" StartOffset="3750"/>
</LocList>
</BasicBoolTerm>
<LocList>
<Loc EndOffset="3750" SrcFileId="1" StartOffset="3748"/>
</LocList>
</OpTerm>
</RootTerm>
</CondStmnt>
</StmntSeq>
</HierarchyLvl>
<HierarchyLvl HierarchyLvlId="74" HierarchyLvlTypeId="6" Intrnl_Id="140" Name="main">
<Header>
<Loc EndOffset="3828" SrcFileId="1" StartOffset="3790"/>
</Header>
<LocList>
<Loc EndOffset="3957" SrcFileId="1" StartOffset="3790"/>
</LocList>
</HierarchyLvl>
</HierarchyLvl>
</HierarchyLvl>
</HierarchyLvl>
</MASTRoot>
</TestSessionContainer>
